{"D:\\Hacktiv8\\Fase 2\\Challenge\\Individual Project\\IP-RMT46\\server\\app.js": {"path":"D:\\Hacktiv8\\Fase 2\\Challenge\\Individual Project\\IP-RMT46\\server\\app.js","statementMap":{"0":{"start":{"line":1,"column":0},"end":{"line":3,"column":1}},"1":{"start":{"line":2,"column":2},"end":{"line":2,"column":29}},"2":{"start":{"line":5,"column":16},"end":{"line":5,"column":34}},"3":{"start":{"line":6,"column":13},"end":{"line":6,"column":28}},"4":{"start":{"line":7,"column":15},"end":{"line":7,"column":35}},"5":{"start":{"line":8,"column":22},"end":{"line":8,"column":60}},"6":{"start":{"line":9,"column":12},"end":{"line":9,"column":21}},"7":{"start":{"line":12,"column":0},"end":{"line":12,"column":16}},"8":{"start":{"line":13,"column":0},"end":{"line":13,"column":48}},"9":{"start":{"line":14,"column":0},"end":{"line":14,"column":24}},"10":{"start":{"line":15,"column":0},"end":{"line":15,"column":16}},"11":{"start":{"line":16,"column":0},"end":{"line":16,"column":23}},"12":{"start":{"line":22,"column":0},"end":{"line":22,"column":21}}},"fnMap":{},"branchMap":{"0":{"loc":{"start":{"line":1,"column":0},"end":{"line":3,"column":1}},"type":"if","locations":[{"start":{"line":1,"column":0},"end":{"line":3,"column":1}},{"start":{},"end":{}}],"line":1}},"s":{"0":3,"1":3,"2":3,"3":3,"4":3,"5":3,"6":3,"7":3,"8":3,"9":3,"10":3,"11":3,"12":3},"f":{},"b":{"0":[3,0]},"_coverageSchema":"1a1c01bbd47fc00a2c39e90264f33305004495a9","hash":"4f32dfa4c5ab1cd5d452e9a9f681d658150b0b1a"}
,"D:\\Hacktiv8\\Fase 2\\Challenge\\Individual Project\\IP-RMT46\\server\\controllers\\controller.js": {"path":"D:\\Hacktiv8\\Fase 2\\Challenge\\Individual Project\\IP-RMT46\\server\\controllers\\controller.js","statementMap":{"0":{"start":{"line":1,"column":44},"end":{"line":1,"column":64}},"1":{"start":{"line":2,"column":22},"end":{"line":2,"column":47}},"2":{"start":{"line":3,"column":42},"end":{"line":3,"column":70}},"3":{"start":{"line":4,"column":23},"end":{"line":4,"column":49}},"4":{"start":{"line":6,"column":25},"end":{"line":6,"column":55}},"5":{"start":{"line":7,"column":15},"end":{"line":7,"column":33}},"6":{"start":{"line":9,"column":14},"end":{"line":9,"column":30}},"7":{"start":{"line":11,"column":13},"end":{"line":15,"column":2}},"8":{"start":{"line":19,"column":32},"end":{"line":19,"column":40}},"9":{"start":{"line":20,"column":4},"end":{"line":44,"column":5}},"10":{"start":{"line":21,"column":6},"end":{"line":23,"column":7}},"11":{"start":{"line":22,"column":8},"end":{"line":22,"column":72}},"12":{"start":{"line":24,"column":6},"end":{"line":26,"column":7}},"13":{"start":{"line":25,"column":8},"end":{"line":25,"column":75}},"14":{"start":{"line":27,"column":19},"end":{"line":29,"column":8}},"15":{"start":{"line":30,"column":6},"end":{"line":32,"column":7}},"16":{"start":{"line":31,"column":8},"end":{"line":31,"column":74}},"17":{"start":{"line":34,"column":28},"end":{"line":34,"column":68}},"18":{"start":{"line":35,"column":6},"end":{"line":37,"column":7}},"19":{"start":{"line":36,"column":8},"end":{"line":36,"column":80}},"20":{"start":{"line":39,"column":27},"end":{"line":39,"column":53}},"21":{"start":{"line":40,"column":6},"end":{"line":40,"column":59}},"22":{"start":{"line":42,"column":6},"end":{"line":42,"column":33}},"23":{"start":{"line":43,"column":6},"end":{"line":43,"column":18}},"24":{"start":{"line":50,"column":28},"end":{"line":50,"column":36}},"25":{"start":{"line":51,"column":4},"end":{"line":73,"column":5}},"26":{"start":{"line":52,"column":21},"end":{"line":57,"column":8}},"27":{"start":{"line":58,"column":24},"end":{"line":58,"column":43}},"28":{"start":{"line":60,"column":30},"end":{"line":63,"column":8}},"29":{"start":{"line":65,"column":6},"end":{"line":65,"column":37}},"30":{"start":{"line":67,"column":27},"end":{"line":67,"column":53}},"31":{"start":{"line":69,"column":6},"end":{"line":69,"column":59}},"32":{"start":{"line":71,"column":6},"end":{"line":71,"column":33}},"33":{"start":{"line":72,"column":6},"end":{"line":72,"column":18}},"34":{"start":{"line":77,"column":32},"end":{"line":77,"column":40}},"35":{"start":{"line":78,"column":4},"end":{"line":97,"column":5}},"36":{"start":{"line":79,"column":6},"end":{"line":81,"column":7}},"37":{"start":{"line":80,"column":8},"end":{"line":80,"column":72}},"38":{"start":{"line":82,"column":6},"end":{"line":84,"column":7}},"39":{"start":{"line":83,"column":8},"end":{"line":83,"column":75}},"40":{"start":{"line":85,"column":27},"end":{"line":85,"column":74}},"41":{"start":{"line":86,"column":6},"end":{"line":88,"column":7}},"42":{"start":{"line":87,"column":8},"end":{"line":87,"column":82}},"43":{"start":{"line":89,"column":19},"end":{"line":89,"column":46}},"44":{"start":{"line":90,"column":6},"end":{"line":93,"column":9}},"45":{"start":{"line":95,"column":6},"end":{"line":95,"column":33}},"46":{"start":{"line":96,"column":6},"end":{"line":96,"column":18}},"47":{"start":{"line":101,"column":20},"end":{"line":101,"column":30}},"48":{"start":{"line":102,"column":21},"end":{"line":102,"column":23}},"49":{"start":{"line":103,"column":4},"end":{"line":119,"column":5}},"50":{"start":{"line":104,"column":6},"end":{"line":104,"column":60}},"51":{"start":{"line":106,"column":23},"end":{"line":110,"column":8}},"52":{"start":{"line":111,"column":6},"end":{"line":115,"column":7}},"53":{"start":{"line":112,"column":8},"end":{"line":112,"column":32}},"54":{"start":{"line":114,"column":8},"end":{"line":114,"column":66}},"55":{"start":{"line":117,"column":6},"end":{"line":117,"column":25}},"56":{"start":{"line":118,"column":6},"end":{"line":118,"column":18}},"57":{"start":{"line":123,"column":20},"end":{"line":123,"column":30}},"58":{"start":{"line":124,"column":18},"end":{"line":124,"column":20}},"59":{"start":{"line":125,"column":4},"end":{"line":141,"column":5}},"60":{"start":{"line":126,"column":6},"end":{"line":126,"column":57}},"61":{"start":{"line":128,"column":23},"end":{"line":132,"column":8}},"62":{"start":{"line":133,"column":6},"end":{"line":137,"column":7}},"63":{"start":{"line":134,"column":8},"end":{"line":134,"column":32}},"64":{"start":{"line":136,"column":8},"end":{"line":136,"column":81}},"65":{"start":{"line":139,"column":6},"end":{"line":139,"column":27}},"66":{"start":{"line":140,"column":6},"end":{"line":140,"column":18}},"67":{"start":{"line":145,"column":24},"end":{"line":145,"column":32}},"68":{"start":{"line":147,"column":22},"end":{"line":147,"column":56}},"69":{"start":{"line":148,"column":19},"end":{"line":148,"column":21}},"70":{"start":{"line":150,"column":4},"end":{"line":158,"column":5}},"71":{"start":{"line":151,"column":6},"end":{"line":155,"column":9}},"72":{"start":{"line":152,"column":8},"end":{"line":154,"column":9}},"73":{"start":{"line":153,"column":10},"end":{"line":153,"column":32}},"74":{"start":{"line":157,"column":6},"end":{"line":157,"column":26}},"75":{"start":{"line":159,"column":37},"end":{"line":159,"column":46}},"76":{"start":{"line":160,"column":21},"end":{"line":160,"column":29}},"77":{"start":{"line":162,"column":4},"end":{"line":164,"column":5}},"78":{"start":{"line":163,"column":6},"end":{"line":163,"column":28}},"79":{"start":{"line":166,"column":4},"end":{"line":181,"column":5}},"80":{"start":{"line":167,"column":24},"end":{"line":167,"column":47}},"81":{"start":{"line":168,"column":6},"end":{"line":168,"column":50}},"82":{"start":{"line":168,"column":17},"end":{"line":168,"column":50}},"83":{"start":{"line":169,"column":6},"end":{"line":169,"column":53}},"84":{"start":{"line":169,"column":18},"end":{"line":169,"column":53}},"85":{"start":{"line":171,"column":23},"end":{"line":175,"column":8}},"86":{"start":{"line":177,"column":6},"end":{"line":177,"column":42}},"87":{"start":{"line":179,"column":6},"end":{"line":179,"column":33}},"88":{"start":{"line":180,"column":6},"end":{"line":180,"column":18}},"89":{"start":{"line":185,"column":24},"end":{"line":185,"column":32}},"90":{"start":{"line":187,"column":22},"end":{"line":187,"column":56}},"91":{"start":{"line":188,"column":19},"end":{"line":188,"column":21}},"92":{"start":{"line":190,"column":4},"end":{"line":198,"column":5}},"93":{"start":{"line":191,"column":6},"end":{"line":195,"column":9}},"94":{"start":{"line":192,"column":8},"end":{"line":194,"column":9}},"95":{"start":{"line":193,"column":10},"end":{"line":193,"column":32}},"96":{"start":{"line":197,"column":6},"end":{"line":197,"column":26}},"97":{"start":{"line":199,"column":37},"end":{"line":199,"column":46}},"98":{"start":{"line":200,"column":21},"end":{"line":200,"column":29}},"99":{"start":{"line":202,"column":4},"end":{"line":204,"column":5}},"100":{"start":{"line":203,"column":6},"end":{"line":203,"column":28}},"101":{"start":{"line":206,"column":4},"end":{"line":225,"column":5}},"102":{"start":{"line":207,"column":24},"end":{"line":207,"column":47}},"103":{"start":{"line":208,"column":6},"end":{"line":208,"column":50}},"104":{"start":{"line":208,"column":17},"end":{"line":208,"column":50}},"105":{"start":{"line":209,"column":6},"end":{"line":209,"column":53}},"106":{"start":{"line":209,"column":18},"end":{"line":209,"column":53}},"107":{"start":{"line":211,"column":23},"end":{"line":215,"column":8}},"108":{"start":{"line":217,"column":6},"end":{"line":221,"column":7}},"109":{"start":{"line":218,"column":8},"end":{"line":218,"column":44}},"110":{"start":{"line":220,"column":8},"end":{"line":220,"column":90}},"111":{"start":{"line":223,"column":6},"end":{"line":223,"column":33}},"112":{"start":{"line":224,"column":6},"end":{"line":224,"column":18}},"113":{"start":{"line":229,"column":26},"end":{"line":229,"column":36}},"114":{"start":{"line":230,"column":22},"end":{"line":230,"column":30}},"115":{"start":{"line":231,"column":21},"end":{"line":231,"column":23}},"116":{"start":{"line":232,"column":4},"end":{"line":263,"column":5}},"117":{"start":{"line":233,"column":6},"end":{"line":237,"column":7}},"118":{"start":{"line":234,"column":8},"end":{"line":234,"column":40}},"119":{"start":{"line":236,"column":8},"end":{"line":236,"column":31}},"120":{"start":{"line":239,"column":18},"end":{"line":239,"column":88}},"121":{"start":{"line":241,"column":19},"end":{"line":243,"column":7}},"122":{"start":{"line":245,"column":26},"end":{"line":245,"column":56}},"123":{"start":{"line":247,"column":21},"end":{"line":252,"column":7}},"124":{"start":{"line":254,"column":23},"end":{"line":254,"column":58}},"125":{"start":{"line":255,"column":6},"end":{"line":259,"column":7}},"126":{"start":{"line":256,"column":8},"end":{"line":256,"column":44}},"127":{"start":{"line":258,"column":8},"end":{"line":258,"column":78}},"128":{"start":{"line":261,"column":6},"end":{"line":261,"column":33}},"129":{"start":{"line":262,"column":6},"end":{"line":262,"column":18}},"130":{"start":{"line":267,"column":26},"end":{"line":267,"column":34}},"131":{"start":{"line":269,"column":4},"end":{"line":280,"column":5}},"132":{"start":{"line":270,"column":30},"end":{"line":270,"column":81}},"133":{"start":{"line":271,"column":6},"end":{"line":273,"column":7}},"134":{"start":{"line":272,"column":8},"end":{"line":272,"column":78}},"135":{"start":{"line":274,"column":22},"end":{"line":274,"column":84}},"136":{"start":{"line":276,"column":6},"end":{"line":276,"column":36}},"137":{"start":{"line":278,"column":6},"end":{"line":278,"column":33}},"138":{"start":{"line":279,"column":6},"end":{"line":279,"column":18}},"139":{"start":{"line":284,"column":4},"end":{"line":290,"column":5}},"140":{"start":{"line":285,"column":23},"end":{"line":285,"column":86}},"141":{"start":{"line":286,"column":6},"end":{"line":286,"column":25}},"142":{"start":{"line":288,"column":6},"end":{"line":288,"column":33}},"143":{"start":{"line":289,"column":6},"end":{"line":289,"column":18}},"144":{"start":{"line":294,"column":4},"end":{"line":303,"column":5}},"145":{"start":{"line":295,"column":24},"end":{"line":295,"column":58}},"146":{"start":{"line":297,"column":24},"end":{"line":297,"column":62}},"147":{"start":{"line":297,"column":47},"end":{"line":297,"column":61}},"148":{"start":{"line":299,"column":6},"end":{"line":299,"column":26}},"149":{"start":{"line":301,"column":6},"end":{"line":301,"column":33}},"150":{"start":{"line":302,"column":6},"end":{"line":302,"column":18}},"151":{"start":{"line":307,"column":19},"end":{"line":307,"column":29}},"152":{"start":{"line":308,"column":4},"end":{"line":315,"column":5}},"153":{"start":{"line":309,"column":22},"end":{"line":309,"column":52}},"154":{"start":{"line":310,"column":6},"end":{"line":310,"column":24}},"155":{"start":{"line":311,"column":6},"end":{"line":311,"column":23}},"156":{"start":{"line":313,"column":6},"end":{"line":313,"column":33}},"157":{"start":{"line":314,"column":6},"end":{"line":314,"column":18}},"158":{"start":{"line":319,"column":4},"end":{"line":319,"column":26}},"159":{"start":{"line":320,"column":4},"end":{"line":350,"column":5}},"160":{"start":{"line":321,"column":25},"end":{"line":321,"column":49}},"161":{"start":{"line":323,"column":6},"end":{"line":327,"column":9}},"162":{"start":{"line":329,"column":29},"end":{"line":337,"column":8}},"163":{"start":{"line":330,"column":25},"end":{"line":330,"column":38}},"164":{"start":{"line":331,"column":21},"end":{"line":331,"column":64}},"165":{"start":{"line":332,"column":24},"end":{"line":332,"column":57}},"166":{"start":{"line":333,"column":8},"end":{"line":336,"column":11}},"167":{"start":{"line":339,"column":22},"end":{"line":339,"column":55}},"168":{"start":{"line":341,"column":21},"end":{"line":343,"column":8}},"169":{"start":{"line":342,"column":8},"end":{"line":342,"column":39}},"170":{"start":{"line":345,"column":6},"end":{"line":345,"column":44}},"171":{"start":{"line":346,"column":6},"end":{"line":346,"column":23}},"172":{"start":{"line":348,"column":6},"end":{"line":348,"column":27}},"173":{"start":{"line":349,"column":6},"end":{"line":349,"column":18}},"174":{"start":{"line":354,"column":4},"end":{"line":360,"column":5}},"175":{"start":{"line":355,"column":21},"end":{"line":355,"column":49}},"176":{"start":{"line":356,"column":6},"end":{"line":356,"column":23}},"177":{"start":{"line":358,"column":6},"end":{"line":358,"column":33}},"178":{"start":{"line":359,"column":6},"end":{"line":359,"column":18}},"179":{"start":{"line":364,"column":19},"end":{"line":364,"column":29}},"180":{"start":{"line":365,"column":4},"end":{"line":371,"column":5}},"181":{"start":{"line":366,"column":21},"end":{"line":366,"column":52}},"182":{"start":{"line":367,"column":6},"end":{"line":367,"column":23}},"183":{"start":{"line":369,"column":6},"end":{"line":369,"column":33}},"184":{"start":{"line":370,"column":6},"end":{"line":370,"column":18}},"185":{"start":{"line":375,"column":19},"end":{"line":375,"column":29}},"186":{"start":{"line":377,"column":4},"end":{"line":384,"column":5}},"187":{"start":{"line":378,"column":20},"end":{"line":378,"column":51}},"188":{"start":{"line":379,"column":6},"end":{"line":379,"column":22}},"189":{"start":{"line":380,"column":6},"end":{"line":380,"column":22}},"190":{"start":{"line":382,"column":6},"end":{"line":382,"column":33}},"191":{"start":{"line":383,"column":6},"end":{"line":383,"column":18}},"192":{"start":{"line":388,"column":65},"end":{"line":388,"column":73}},"193":{"start":{"line":389,"column":15},"end":{"line":389,"column":26}},"194":{"start":{"line":390,"column":4},"end":{"line":408,"column":5}},"195":{"start":{"line":391,"column":19},"end":{"line":391,"column":42}},"196":{"start":{"line":393,"column":6},"end":{"line":395,"column":7}},"197":{"start":{"line":394,"column":8},"end":{"line":394,"column":73}},"198":{"start":{"line":397,"column":28},"end":{"line":397,"column":75}},"199":{"start":{"line":398,"column":6},"end":{"line":400,"column":7}},"200":{"start":{"line":399,"column":8},"end":{"line":399,"column":79}},"201":{"start":{"line":402,"column":22},"end":{"line":402,"column":80}},"202":{"start":{"line":404,"column":6},"end":{"line":404,"column":41}},"203":{"start":{"line":406,"column":6},"end":{"line":406,"column":33}},"204":{"start":{"line":407,"column":6},"end":{"line":407,"column":18}},"205":{"start":{"line":412,"column":4},"end":{"line":439,"column":5}},"206":{"start":{"line":413,"column":54},"end":{"line":413,"column":62}},"207":{"start":{"line":415,"column":21},"end":{"line":415,"column":34}},"208":{"start":{"line":417,"column":6},"end":{"line":419,"column":7}},"209":{"start":{"line":418,"column":8},"end":{"line":418,"column":80}},"210":{"start":{"line":421,"column":6},"end":{"line":423,"column":7}},"211":{"start":{"line":422,"column":8},"end":{"line":422,"column":88}},"212":{"start":{"line":425,"column":24},"end":{"line":431,"column":7}},"213":{"start":{"line":433,"column":26},"end":{"line":433,"column":65}},"214":{"start":{"line":435,"column":6},"end":{"line":435,"column":40}},"215":{"start":{"line":437,"column":6},"end":{"line":437,"column":33}},"216":{"start":{"line":438,"column":6},"end":{"line":438,"column":18}},"217":{"start":{"line":443,"column":15},"end":{"line":443,"column":26}},"218":{"start":{"line":444,"column":20},"end":{"line":444,"column":28}},"219":{"start":{"line":445,"column":4},"end":{"line":451,"column":5}},"220":{"start":{"line":446,"column":19},"end":{"line":446,"column":42}},"221":{"start":{"line":447,"column":21},"end":{"line":447,"column":52}},"222":{"start":{"line":448,"column":6},"end":{"line":448,"column":23}},"223":{"start":{"line":450,"column":6},"end":{"line":450,"column":18}},"224":{"start":{"line":455,"column":0},"end":{"line":455,"column":28}}},"fnMap":{"0":{"name":"(anonymous_0)","decl":{"start":{"line":18,"column":2},"end":{"line":18,"column":3}},"loc":{"start":{"line":18,"column":37},"end":{"line":45,"column":3}},"line":18},"1":{"name":"(anonymous_1)","decl":{"start":{"line":47,"column":2},"end":{"line":47,"column":3}},"loc":{"start":{"line":47,"column":43},"end":{"line":74,"column":3}},"line":47},"2":{"name":"(anonymous_2)","decl":{"start":{"line":76,"column":2},"end":{"line":76,"column":3}},"loc":{"start":{"line":76,"column":40},"end":{"line":98,"column":3}},"line":76},"3":{"name":"(anonymous_3)","decl":{"start":{"line":100,"column":2},"end":{"line":100,"column":3}},"loc":{"start":{"line":100,"column":47},"end":{"line":120,"column":3}},"line":100},"4":{"name":"(anonymous_4)","decl":{"start":{"line":122,"column":2},"end":{"line":122,"column":3}},"loc":{"start":{"line":122,"column":45},"end":{"line":142,"column":3}},"line":122},"5":{"name":"(anonymous_5)","decl":{"start":{"line":144,"column":2},"end":{"line":144,"column":3}},"loc":{"start":{"line":144,"column":46},"end":{"line":182,"column":3}},"line":144},"6":{"name":"(anonymous_6)","decl":{"start":{"line":151,"column":20},"end":{"line":151,"column":21}},"loc":{"start":{"line":151,"column":33},"end":{"line":155,"column":7}},"line":151},"7":{"name":"(anonymous_7)","decl":{"start":{"line":184,"column":2},"end":{"line":184,"column":3}},"loc":{"start":{"line":184,"column":44},"end":{"line":226,"column":3}},"line":184},"8":{"name":"(anonymous_8)","decl":{"start":{"line":191,"column":20},"end":{"line":191,"column":21}},"loc":{"start":{"line":191,"column":33},"end":{"line":195,"column":7}},"line":191},"9":{"name":"(anonymous_9)","decl":{"start":{"line":228,"column":2},"end":{"line":228,"column":3}},"loc":{"start":{"line":228,"column":43},"end":{"line":264,"column":3}},"line":228},"10":{"name":"(anonymous_10)","decl":{"start":{"line":266,"column":2},"end":{"line":266,"column":3}},"loc":{"start":{"line":266,"column":42},"end":{"line":281,"column":3}},"line":266},"11":{"name":"(anonymous_11)","decl":{"start":{"line":283,"column":2},"end":{"line":283,"column":3}},"loc":{"start":{"line":283,"column":42},"end":{"line":291,"column":3}},"line":283},"12":{"name":"(anonymous_12)","decl":{"start":{"line":293,"column":2},"end":{"line":293,"column":3}},"loc":{"start":{"line":293,"column":42},"end":{"line":304,"column":3}},"line":293},"13":{"name":"(anonymous_13)","decl":{"start":{"line":297,"column":37},"end":{"line":297,"column":38}},"loc":{"start":{"line":297,"column":47},"end":{"line":297,"column":61}},"line":297},"14":{"name":"(anonymous_14)","decl":{"start":{"line":306,"column":2},"end":{"line":306,"column":3}},"loc":{"start":{"line":306,"column":45},"end":{"line":316,"column":3}},"line":306},"15":{"name":"(anonymous_15)","decl":{"start":{"line":318,"column":2},"end":{"line":318,"column":3}},"loc":{"start":{"line":318,"column":41},"end":{"line":351,"column":3}},"line":318},"16":{"name":"(anonymous_16)","decl":{"start":{"line":329,"column":43},"end":{"line":329,"column":44}},"loc":{"start":{"line":329,"column":59},"end":{"line":337,"column":7}},"line":329},"17":{"name":"(anonymous_17)","decl":{"start":{"line":341,"column":33},"end":{"line":341,"column":34}},"loc":{"start":{"line":341,"column":46},"end":{"line":343,"column":7}},"line":341},"18":{"name":"(anonymous_18)","decl":{"start":{"line":353,"column":2},"end":{"line":353,"column":3}},"loc":{"start":{"line":353,"column":40},"end":{"line":361,"column":3}},"line":353},"19":{"name":"(anonymous_19)","decl":{"start":{"line":363,"column":2},"end":{"line":363,"column":3}},"loc":{"start":{"line":363,"column":45},"end":{"line":372,"column":3}},"line":363},"20":{"name":"(anonymous_20)","decl":{"start":{"line":374,"column":2},"end":{"line":374,"column":3}},"loc":{"start":{"line":374,"column":43},"end":{"line":385,"column":3}},"line":374},"21":{"name":"(anonymous_21)","decl":{"start":{"line":387,"column":2},"end":{"line":387,"column":3}},"loc":{"start":{"line":387,"column":46},"end":{"line":409,"column":3}},"line":387},"22":{"name":"(anonymous_22)","decl":{"start":{"line":411,"column":2},"end":{"line":411,"column":3}},"loc":{"start":{"line":411,"column":49},"end":{"line":440,"column":3}},"line":411},"23":{"name":"(anonymous_23)","decl":{"start":{"line":442,"column":2},"end":{"line":442,"column":3}},"loc":{"start":{"line":442,"column":41},"end":{"line":452,"column":3}},"line":442}},"branchMap":{"0":{"loc":{"start":{"line":21,"column":6},"end":{"line":23,"column":7}},"type":"if","locations":[{"start":{"line":21,"column":6},"end":{"line":23,"column":7}},{"start":{},"end":{}}],"line":21},"1":{"loc":{"start":{"line":24,"column":6},"end":{"line":26,"column":7}},"type":"if","locations":[{"start":{"line":24,"column":6},"end":{"line":26,"column":7}},{"start":{},"end":{}}],"line":24},"2":{"loc":{"start":{"line":30,"column":6},"end":{"line":32,"column":7}},"type":"if","locations":[{"start":{"line":30,"column":6},"end":{"line":32,"column":7}},{"start":{},"end":{}}],"line":30},"3":{"loc":{"start":{"line":35,"column":6},"end":{"line":37,"column":7}},"type":"if","locations":[{"start":{"line":35,"column":6},"end":{"line":37,"column":7}},{"start":{},"end":{}}],"line":35},"4":{"loc":{"start":{"line":79,"column":6},"end":{"line":81,"column":7}},"type":"if","locations":[{"start":{"line":79,"column":6},"end":{"line":81,"column":7}},{"start":{},"end":{}}],"line":79},"5":{"loc":{"start":{"line":82,"column":6},"end":{"line":84,"column":7}},"type":"if","locations":[{"start":{"line":82,"column":6},"end":{"line":84,"column":7}},{"start":{},"end":{}}],"line":82},"6":{"loc":{"start":{"line":86,"column":6},"end":{"line":88,"column":7}},"type":"if","locations":[{"start":{"line":86,"column":6},"end":{"line":88,"column":7}},{"start":{},"end":{}}],"line":86},"7":{"loc":{"start":{"line":104,"column":19},"end":{"line":104,"column":59}},"type":"cond-expr","locations":[{"start":{"line":104,"column":41},"end":{"line":104,"column":53}},{"start":{"line":104,"column":56},"end":{"line":104,"column":59}}],"line":104},"8":{"loc":{"start":{"line":111,"column":6},"end":{"line":115,"column":7}},"type":"if","locations":[{"start":{"line":111,"column":6},"end":{"line":115,"column":7}},{"start":{"line":113,"column":13},"end":{"line":115,"column":7}}],"line":111},"9":{"loc":{"start":{"line":126,"column":16},"end":{"line":126,"column":56}},"type":"cond-expr","locations":[{"start":{"line":126,"column":38},"end":{"line":126,"column":50}},{"start":{"line":126,"column":53},"end":{"line":126,"column":56}}],"line":126},"10":{"loc":{"start":{"line":133,"column":6},"end":{"line":137,"column":7}},"type":"if","locations":[{"start":{"line":133,"column":6},"end":{"line":137,"column":7}},{"start":{"line":135,"column":13},"end":{"line":137,"column":7}}],"line":133},"11":{"loc":{"start":{"line":150,"column":4},"end":{"line":158,"column":5}},"type":"if","locations":[{"start":{"line":150,"column":4},"end":{"line":158,"column":5}},{"start":{"line":156,"column":11},"end":{"line":158,"column":5}}],"line":150},"12":{"loc":{"start":{"line":152,"column":8},"end":{"line":154,"column":9}},"type":"if","locations":[{"start":{"line":152,"column":8},"end":{"line":154,"column":9}},{"start":{},"end":{}}],"line":152},"13":{"loc":{"start":{"line":162,"column":4},"end":{"line":164,"column":5}},"type":"if","locations":[{"start":{"line":162,"column":4},"end":{"line":164,"column":5}},{"start":{},"end":{}}],"line":162},"14":{"loc":{"start":{"line":167,"column":33},"end":{"line":167,"column":45}},"type":"binary-expr","locations":[{"start":{"line":167,"column":33},"end":{"line":167,"column":38}},{"start":{"line":167,"column":42},"end":{"line":167,"column":45}}],"line":167},"15":{"loc":{"start":{"line":168,"column":6},"end":{"line":168,"column":50}},"type":"if","locations":[{"start":{"line":168,"column":6},"end":{"line":168,"column":50}},{"start":{},"end":{}}],"line":168},"16":{"loc":{"start":{"line":169,"column":6},"end":{"line":169,"column":53}},"type":"if","locations":[{"start":{"line":169,"column":6},"end":{"line":169,"column":53}},{"start":{},"end":{}}],"line":169},"17":{"loc":{"start":{"line":190,"column":4},"end":{"line":198,"column":5}},"type":"if","locations":[{"start":{"line":190,"column":4},"end":{"line":198,"column":5}},{"start":{"line":196,"column":11},"end":{"line":198,"column":5}}],"line":190},"18":{"loc":{"start":{"line":192,"column":8},"end":{"line":194,"column":9}},"type":"if","locations":[{"start":{"line":192,"column":8},"end":{"line":194,"column":9}},{"start":{},"end":{}}],"line":192},"19":{"loc":{"start":{"line":202,"column":4},"end":{"line":204,"column":5}},"type":"if","locations":[{"start":{"line":202,"column":4},"end":{"line":204,"column":5}},{"start":{},"end":{}}],"line":202},"20":{"loc":{"start":{"line":207,"column":33},"end":{"line":207,"column":45}},"type":"binary-expr","locations":[{"start":{"line":207,"column":33},"end":{"line":207,"column":38}},{"start":{"line":207,"column":42},"end":{"line":207,"column":45}}],"line":207},"21":{"loc":{"start":{"line":208,"column":6},"end":{"line":208,"column":50}},"type":"if","locations":[{"start":{"line":208,"column":6},"end":{"line":208,"column":50}},{"start":{},"end":{}}],"line":208},"22":{"loc":{"start":{"line":209,"column":6},"end":{"line":209,"column":53}},"type":"if","locations":[{"start":{"line":209,"column":6},"end":{"line":209,"column":53}},{"start":{},"end":{}}],"line":209},"23":{"loc":{"start":{"line":217,"column":6},"end":{"line":221,"column":7}},"type":"if","locations":[{"start":{"line":217,"column":6},"end":{"line":221,"column":7}},{"start":{"line":219,"column":13},"end":{"line":221,"column":7}}],"line":217},"24":{"loc":{"start":{"line":233,"column":6},"end":{"line":237,"column":7}},"type":"if","locations":[{"start":{"line":233,"column":6},"end":{"line":237,"column":7}},{"start":{"line":235,"column":13},"end":{"line":237,"column":7}}],"line":233},"25":{"loc":{"start":{"line":255,"column":6},"end":{"line":259,"column":7}},"type":"if","locations":[{"start":{"line":255,"column":6},"end":{"line":259,"column":7}},{"start":{"line":257,"column":13},"end":{"line":259,"column":7}}],"line":255},"26":{"loc":{"start":{"line":271,"column":6},"end":{"line":273,"column":7}},"type":"if","locations":[{"start":{"line":271,"column":6},"end":{"line":273,"column":7}},{"start":{},"end":{}}],"line":271},"27":{"loc":{"start":{"line":393,"column":6},"end":{"line":395,"column":7}},"type":"if","locations":[{"start":{"line":393,"column":6},"end":{"line":395,"column":7}},{"start":{},"end":{}}],"line":393},"28":{"loc":{"start":{"line":398,"column":6},"end":{"line":400,"column":7}},"type":"if","locations":[{"start":{"line":398,"column":6},"end":{"line":400,"column":7}},{"start":{},"end":{}}],"line":398},"29":{"loc":{"start":{"line":417,"column":6},"end":{"line":419,"column":7}},"type":"if","locations":[{"start":{"line":417,"column":6},"end":{"line":419,"column":7}},{"start":{},"end":{}}],"line":417},"30":{"loc":{"start":{"line":421,"column":6},"end":{"line":423,"column":7}},"type":"if","locations":[{"start":{"line":421,"column":6},"end":{"line":423,"column":7}},{"start":{},"end":{}}],"line":421},"31":{"loc":{"start":{"line":421,"column":10},"end":{"line":421,"column":35}},"type":"binary-expr","locations":[{"start":{"line":421,"column":10},"end":{"line":421,"column":19}},{"start":{"line":421,"column":23},"end":{"line":421,"column":35}}],"line":421}},"s":{"0":6,"1":6,"2":6,"3":6,"4":6,"5":6,"6":6,"7":6,"8":4,"9":4,"10":4,"11":1,"12":3,"13":1,"14":2,"15":2,"16":1,"17":1,"18":1,"19":0,"20":1,"21":1,"22":3,"23":3,"24":0,"25":0,"26":0,"27":0,"28":0,"29":0,"30":0,"31":0,"32":0,"33":0,"34":4,"35":4,"36":4,"37":1,"38":3,"39":1,"40":2,"41":2,"42":1,"43":1,"44":1,"45":3,"46":3,"47":2,"48":2,"49":2,"50":2,"51":2,"52":1,"53":1,"54":0,"55":1,"56":1,"57":2,"58":2,"59":2,"60":2,"61":2,"62":1,"63":1,"64":0,"65":1,"66":1,"67":0,"68":0,"69":0,"70":0,"71":0,"72":0,"73":0,"74":0,"75":0,"76":0,"77":0,"78":0,"79":0,"80":0,"81":0,"82":0,"83":0,"84":0,"85":0,"86":0,"87":0,"88":0,"89":0,"90":0,"91":0,"92":0,"93":0,"94":0,"95":0,"96":0,"97":0,"98":0,"99":0,"100":0,"101":0,"102":0,"103":0,"104":0,"105":0,"106":0,"107":0,"108":0,"109":0,"110":0,"111":0,"112":0,"113":2,"114":2,"115":2,"116":2,"117":2,"118":2,"119":0,"120":2,"121":2,"122":2,"123":2,"124":2,"125":1,"126":1,"127":0,"128":1,"129":1,"130":0,"131":0,"132":0,"133":0,"134":0,"135":0,"136":0,"137":0,"138":0,"139":0,"140":0,"141":0,"142":0,"143":0,"144":0,"145":0,"146":0,"147":0,"148":0,"149":0,"150":0,"151":0,"152":0,"153":0,"154":0,"155":0,"156":0,"157":0,"158":0,"159":0,"160":0,"161":0,"162":0,"163":0,"164":0,"165":0,"166":0,"167":0,"168":0,"169":0,"170":0,"171":0,"172":0,"173":0,"174":0,"175":0,"176":0,"177":0,"178":0,"179":0,"180":0,"181":0,"182":0,"183":0,"184":0,"185":0,"186":0,"187":0,"188":0,"189":0,"190":0,"191":0,"192":0,"193":0,"194":0,"195":0,"196":0,"197":0,"198":0,"199":0,"200":0,"201":0,"202":0,"203":0,"204":0,"205":0,"206":0,"207":0,"208":0,"209":0,"210":0,"211":0,"212":0,"213":0,"214":0,"215":0,"216":0,"217":0,"218":0,"219":0,"220":0,"221":0,"222":0,"223":0,"224":6},"f":{"0":4,"1":0,"2":4,"3":2,"4":2,"5":0,"6":0,"7":0,"8":0,"9":2,"10":0,"11":0,"12":0,"13":0,"14":0,"15":0,"16":0,"17":0,"18":0,"19":0,"20":0,"21":0,"22":0,"23":0},"b":{"0":[1,3],"1":[1,2],"2":[1,1],"3":[0,1],"4":[1,3],"5":[1,2],"6":[1,1],"7":[2,0],"8":[1,0],"9":[2,0],"10":[1,0],"11":[0,0],"12":[0,0],"13":[0,0],"14":[0,0],"15":[0,0],"16":[0,0],"17":[0,0],"18":[0,0],"19":[0,0],"20":[0,0],"21":[0,0],"22":[0,0],"23":[0,0],"24":[2,0],"25":[1,0],"26":[0,0],"27":[0,0],"28":[0,0],"29":[0,0],"30":[0,0],"31":[0,0]},"_coverageSchema":"1a1c01bbd47fc00a2c39e90264f33305004495a9","hash":"b4d9151531226864c33800324e94080dc74f929f"}
,"D:\\Hacktiv8\\Fase 2\\Challenge\\Individual Project\\IP-RMT46\\server\\helpers\\bcrypt.js": {"path":"D:\\Hacktiv8\\Fase 2\\Challenge\\Individual Project\\IP-RMT46\\server\\helpers\\bcrypt.js","statementMap":{"0":{"start":{"line":1,"column":34},"end":{"line":1,"column":51}},"1":{"start":{"line":2,"column":0},"end":{"line":5,"column":2}},"2":{"start":{"line":3,"column":30},"end":{"line":3,"column":52}},"3":{"start":{"line":4,"column":46},"end":{"line":4,"column":80}}},"fnMap":{"0":{"name":"(anonymous_0)","decl":{"start":{"line":3,"column":16},"end":{"line":3,"column":17}},"loc":{"start":{"line":3,"column":30},"end":{"line":3,"column":52}},"line":3},"1":{"name":"(anonymous_1)","decl":{"start":{"line":4,"column":19},"end":{"line":4,"column":20}},"loc":{"start":{"line":4,"column":46},"end":{"line":4,"column":80}},"line":4}},"branchMap":{},"s":{"0":6,"1":6,"2":6,"3":1},"f":{"0":6,"1":1},"b":{},"_coverageSchema":"1a1c01bbd47fc00a2c39e90264f33305004495a9","hash":"1e6627321cda9a7d49df62cbb22151244056cae3"}
,"D:\\Hacktiv8\\Fase 2\\Challenge\\Individual Project\\IP-RMT46\\server\\helpers\\jwt.js": {"path":"D:\\Hacktiv8\\Fase 2\\Challenge\\Individual Project\\IP-RMT46\\server\\helpers\\jwt.js","statementMap":{"0":{"start":{"line":1,"column":25},"end":{"line":1,"column":48}},"1":{"start":{"line":2,"column":15},"end":{"line":2,"column":24}},"2":{"start":{"line":5,"column":2},"end":{"line":5,"column":31}},"3":{"start":{"line":8,"column":2},"end":{"line":8,"column":31}},"4":{"start":{"line":11,"column":0},"end":{"line":11,"column":45}}},"fnMap":{"0":{"name":"signToken","decl":{"start":{"line":4,"column":9},"end":{"line":4,"column":18}},"loc":{"start":{"line":4,"column":28},"end":{"line":6,"column":1}},"line":4},"1":{"name":"veirifyToken","decl":{"start":{"line":7,"column":9},"end":{"line":7,"column":21}},"loc":{"start":{"line":7,"column":29},"end":{"line":9,"column":1}},"line":7}},"branchMap":{},"s":{"0":6,"1":6,"2":1,"3":0,"4":6},"f":{"0":1,"1":0},"b":{},"_coverageSchema":"1a1c01bbd47fc00a2c39e90264f33305004495a9","hash":"268b1e01a223813830338a7824c5d55527688fa4"}
,"D:\\Hacktiv8\\Fase 2\\Challenge\\Individual Project\\IP-RMT46\\server\\helpers\\randomNumber.js": {"path":"D:\\Hacktiv8\\Fase 2\\Challenge\\Individual Project\\IP-RMT46\\server\\helpers\\randomNumber.js","statementMap":{"0":{"start":{"line":2,"column":2},"end":{"line":2,"column":23}},"1":{"start":{"line":3,"column":2},"end":{"line":3,"column":24}},"2":{"start":{"line":4,"column":2},"end":{"line":4,"column":59}},"3":{"start":{"line":6,"column":0},"end":{"line":6,"column":30}}},"fnMap":{"0":{"name":"getRandomInt","decl":{"start":{"line":1,"column":9},"end":{"line":1,"column":21}},"loc":{"start":{"line":1,"column":32},"end":{"line":5,"column":1}},"line":1}},"branchMap":{},"s":{"0":0,"1":0,"2":0,"3":6},"f":{"0":0},"b":{},"_coverageSchema":"1a1c01bbd47fc00a2c39e90264f33305004495a9","hash":"e8131b9abdddb0982ce82682fd37aed8e74eb5a8"}
,"D:\\Hacktiv8\\Fase 2\\Challenge\\Individual Project\\IP-RMT46\\server\\middlewares\\authentication.js": {"path":"D:\\Hacktiv8\\Fase 2\\Challenge\\Individual Project\\IP-RMT46\\server\\middlewares\\authentication.js","statementMap":{"0":{"start":{"line":1,"column":25},"end":{"line":1,"column":50}},"1":{"start":{"line":2,"column":17},"end":{"line":2,"column":37}},"2":{"start":{"line":5,"column":2},"end":{"line":31,"column":3}},"3":{"start":{"line":6,"column":4},"end":{"line":8,"column":5}},"4":{"start":{"line":7,"column":6},"end":{"line":7,"column":63}},"5":{"start":{"line":10,"column":26},"end":{"line":10,"column":62}},"6":{"start":{"line":13,"column":4},"end":{"line":15,"column":5}},"7":{"start":{"line":14,"column":6},"end":{"line":14,"column":63}},"8":{"start":{"line":17,"column":4},"end":{"line":22,"column":5}},"9":{"start":{"line":18,"column":6},"end":{"line":18,"column":36}},"10":{"start":{"line":20,"column":6},"end":{"line":20,"column":33}},"11":{"start":{"line":21,"column":6},"end":{"line":21,"column":18}},"12":{"start":{"line":23,"column":17},"end":{"line":25,"column":6}},"13":{"start":{"line":26,"column":4},"end":{"line":26,"column":50}},"14":{"start":{"line":27,"column":4},"end":{"line":27,"column":11}},"15":{"start":{"line":29,"column":4},"end":{"line":29,"column":31}},"16":{"start":{"line":30,"column":4},"end":{"line":30,"column":16}},"17":{"start":{"line":34,"column":0},"end":{"line":34,"column":32}}},"fnMap":{"0":{"name":"authentication","decl":{"start":{"line":4,"column":15},"end":{"line":4,"column":29}},"loc":{"start":{"line":4,"column":46},"end":{"line":32,"column":1}},"line":4}},"branchMap":{"0":{"loc":{"start":{"line":6,"column":4},"end":{"line":8,"column":5}},"type":"if","locations":[{"start":{"line":6,"column":4},"end":{"line":8,"column":5}},{"start":{},"end":{}}],"line":6},"1":{"loc":{"start":{"line":13,"column":4},"end":{"line":15,"column":5}},"type":"if","locations":[{"start":{"line":13,"column":4},"end":{"line":15,"column":5}},{"start":{},"end":{}}],"line":13}},"s":{"0":3,"1":3,"2":0,"3":0,"4":0,"5":0,"6":0,"7":0,"8":0,"9":0,"10":0,"11":0,"12":0,"13":0,"14":0,"15":0,"16":0,"17":3},"f":{"0":0},"b":{"0":[0,0],"1":[0,0]},"_coverageSchema":"1a1c01bbd47fc00a2c39e90264f33305004495a9","hash":"48bffa82a5612a7d70c9fef46a203df84e5852a2"}
,"D:\\Hacktiv8\\Fase 2\\Challenge\\Individual Project\\IP-RMT46\\server\\middlewares\\errorHandlers.js": {"path":"D:\\Hacktiv8\\Fase 2\\Challenge\\Individual Project\\IP-RMT46\\server\\middlewares\\errorHandlers.js","statementMap":{"0":{"start":{"line":2,"column":2},"end":{"line":2,"column":35}},"1":{"start":{"line":3,"column":2},"end":{"line":3,"column":37}},"2":{"start":{"line":4,"column":19},"end":{"line":4,"column":22}},"3":{"start":{"line":5,"column":21},"end":{"line":5,"column":44}},"4":{"start":{"line":6,"column":2},"end":{"line":40,"column":3}},"5":{"start":{"line":9,"column":6},"end":{"line":9,"column":23}},"6":{"start":{"line":10,"column":6},"end":{"line":10,"column":60}},"7":{"start":{"line":11,"column":6},"end":{"line":11,"column":12}},"8":{"start":{"line":13,"column":6},"end":{"line":13,"column":23}},"9":{"start":{"line":14,"column":6},"end":{"line":14,"column":55}},"10":{"start":{"line":15,"column":6},"end":{"line":15,"column":12}},"11":{"start":{"line":17,"column":6},"end":{"line":17,"column":23}},"12":{"start":{"line":18,"column":6},"end":{"line":18,"column":50}},"13":{"start":{"line":19,"column":6},"end":{"line":19,"column":12}},"14":{"start":{"line":21,"column":6},"end":{"line":21,"column":23}},"15":{"start":{"line":22,"column":6},"end":{"line":22,"column":37}},"16":{"start":{"line":23,"column":6},"end":{"line":23,"column":12}},"17":{"start":{"line":26,"column":6},"end":{"line":26,"column":23}},"18":{"start":{"line":27,"column":6},"end":{"line":27,"column":52}},"19":{"start":{"line":28,"column":6},"end":{"line":28,"column":12}},"20":{"start":{"line":30,"column":6},"end":{"line":30,"column":23}},"21":{"start":{"line":31,"column":6},"end":{"line":31,"column":48}},"22":{"start":{"line":32,"column":6},"end":{"line":32,"column":12}},"23":{"start":{"line":34,"column":6},"end":{"line":34,"column":23}},"24":{"start":{"line":35,"column":6},"end":{"line":35,"column":48}},"25":{"start":{"line":36,"column":6},"end":{"line":36,"column":12}},"26":{"start":{"line":39,"column":6},"end":{"line":39,"column":12}},"27":{"start":{"line":41,"column":2},"end":{"line":41,"column":57}},"28":{"start":{"line":43,"column":0},"end":{"line":43,"column":31}}},"fnMap":{"0":{"name":"errorHandling","decl":{"start":{"line":1,"column":9},"end":{"line":1,"column":22}},"loc":{"start":{"line":1,"column":44},"end":{"line":42,"column":1}},"line":1}},"branchMap":{"0":{"loc":{"start":{"line":6,"column":2},"end":{"line":40,"column":3}},"type":"switch","locations":[{"start":{"line":7,"column":4},"end":{"line":7,"column":36}},{"start":{"line":8,"column":4},"end":{"line":11,"column":12}},{"start":{"line":12,"column":4},"end":{"line":15,"column":12}},{"start":{"line":16,"column":4},"end":{"line":19,"column":12}},{"start":{"line":20,"column":4},"end":{"line":23,"column":12}},{"start":{"line":24,"column":4},"end":{"line":24,"column":24}},{"start":{"line":25,"column":4},"end":{"line":28,"column":12}},{"start":{"line":29,"column":4},"end":{"line":32,"column":12}},{"start":{"line":33,"column":4},"end":{"line":36,"column":12}},{"start":{"line":38,"column":4},"end":{"line":39,"column":12}}],"line":6},"1":{"loc":{"start":{"line":10,"column":21},"end":{"line":10,"column":59}},"type":"binary-expr","locations":[{"start":{"line":10,"column":21},"end":{"line":10,"column":42}},{"start":{"line":10,"column":46},"end":{"line":10,"column":59}}],"line":10},"2":{"loc":{"start":{"line":14,"column":21},"end":{"line":14,"column":54}},"type":"binary-expr","locations":[{"start":{"line":14,"column":21},"end":{"line":14,"column":32}},{"start":{"line":14,"column":36},"end":{"line":14,"column":54}}],"line":14},"3":{"loc":{"start":{"line":18,"column":21},"end":{"line":18,"column":49}},"type":"binary-expr","locations":[{"start":{"line":18,"column":21},"end":{"line":18,"column":32}},{"start":{"line":18,"column":36},"end":{"line":18,"column":49}}],"line":18},"4":{"loc":{"start":{"line":27,"column":21},"end":{"line":27,"column":51}},"type":"binary-expr","locations":[{"start":{"line":27,"column":21},"end":{"line":27,"column":32}},{"start":{"line":27,"column":36},"end":{"line":27,"column":51}}],"line":27},"5":{"loc":{"start":{"line":31,"column":21},"end":{"line":31,"column":47}},"type":"binary-expr","locations":[{"start":{"line":31,"column":21},"end":{"line":31,"column":32}},{"start":{"line":31,"column":36},"end":{"line":31,"column":47}}],"line":31},"6":{"loc":{"start":{"line":35,"column":21},"end":{"line":35,"column":47}},"type":"binary-expr","locations":[{"start":{"line":35,"column":21},"end":{"line":35,"column":32}},{"start":{"line":35,"column":36},"end":{"line":35,"column":47}}],"line":35}},"s":{"0":6,"1":6,"2":6,"3":6,"4":6,"5":0,"6":0,"7":0,"8":5,"9":5,"10":5,"11":0,"12":0,"13":0,"14":0,"15":0,"16":0,"17":1,"18":1,"19":1,"20":0,"21":0,"22":0,"23":0,"24":0,"25":0,"26":0,"27":6,"28":3},"f":{"0":6},"b":{"0":[0,0,5,0,0,1,1,0,0,0],"1":[0,0],"2":[5,0],"3":[0,0],"4":[1,0],"5":[0,0],"6":[0,0]},"_coverageSchema":"1a1c01bbd47fc00a2c39e90264f33305004495a9","hash":"ba4b9059674eb62d09884b369c81a9fb1a2349ce"}
,"D:\\Hacktiv8\\Fase 2\\Challenge\\Individual Project\\IP-RMT46\\server\\models\\gameaccount.js": {"path":"D:\\Hacktiv8\\Fase 2\\Challenge\\Individual Project\\IP-RMT46\\server\\models\\gameaccount.js","statementMap":{"0":{"start":{"line":2,"column":18},"end":{"line":2,"column":38}},"1":{"start":{"line":3,"column":21},"end":{"line":3,"column":55}},"2":{"start":{"line":4,"column":0},"end":{"line":33,"column":2}},"3":{"start":{"line":13,"column":6},"end":{"line":13,"column":69}},"4":{"start":{"line":14,"column":6},"end":{"line":14,"column":74}},"5":{"start":{"line":17,"column":2},"end":{"line":28,"column":4}},"6":{"start":{"line":29,"column":2},"end":{"line":31,"column":5}},"7":{"start":{"line":30,"column":4},"end":{"line":30,"column":43}},"8":{"start":{"line":32,"column":2},"end":{"line":32,"column":21}}},"fnMap":{"0":{"name":"(anonymous_0)","decl":{"start":{"line":4,"column":17},"end":{"line":4,"column":18}},"loc":{"start":{"line":4,"column":43},"end":{"line":33,"column":1}},"line":4},"1":{"name":"(anonymous_1)","decl":{"start":{"line":11,"column":4},"end":{"line":11,"column":5}},"loc":{"start":{"line":11,"column":29},"end":{"line":15,"column":5}},"line":11},"2":{"name":"(anonymous_2)","decl":{"start":{"line":29,"column":27},"end":{"line":29,"column":28}},"loc":{"start":{"line":29,"column":59},"end":{"line":31,"column":3}},"line":29}},"branchMap":{},"s":{"0":6,"1":6,"2":6,"3":6,"4":6,"5":6,"6":6,"7":0,"8":6},"f":{"0":6,"1":6,"2":0},"b":{},"_coverageSchema":"1a1c01bbd47fc00a2c39e90264f33305004495a9","hash":"7266c93397b6d24d278f9b0a86b9debb1ddc541a"}
,"D:\\Hacktiv8\\Fase 2\\Challenge\\Individual Project\\IP-RMT46\\server\\models\\index.js": {"path":"D:\\Hacktiv8\\Fase 2\\Challenge\\Individual Project\\IP-RMT46\\server\\models\\index.js","statementMap":{"0":{"start":{"line":3,"column":11},"end":{"line":3,"column":24}},"1":{"start":{"line":4,"column":13},"end":{"line":4,"column":28}},"2":{"start":{"line":5,"column":18},"end":{"line":5,"column":38}},"3":{"start":{"line":6,"column":16},"end":{"line":6,"column":34}},"4":{"start":{"line":7,"column":17},"end":{"line":7,"column":42}},"5":{"start":{"line":8,"column":12},"end":{"line":8,"column":49}},"6":{"start":{"line":9,"column":15},"end":{"line":9,"column":65}},"7":{"start":{"line":10,"column":11},"end":{"line":10,"column":13}},"8":{"start":{"line":13,"column":0},"end":{"line":17,"column":1}},"9":{"start":{"line":14,"column":2},"end":{"line":14,"column":74}},"10":{"start":{"line":16,"column":2},"end":{"line":16,"column":87}},"11":{"start":{"line":19,"column":0},"end":{"line":32,"column":5}},"12":{"start":{"line":22,"column":4},"end":{"line":27,"column":6}},"13":{"start":{"line":30,"column":18},"end":{"line":30,"column":85}},"14":{"start":{"line":31,"column":4},"end":{"line":31,"column":27}},"15":{"start":{"line":34,"column":0},"end":{"line":38,"column":3}},"16":{"start":{"line":35,"column":2},"end":{"line":37,"column":3}},"17":{"start":{"line":36,"column":4},"end":{"line":36,"column":32}},"18":{"start":{"line":40,"column":0},"end":{"line":40,"column":25}},"19":{"start":{"line":41,"column":0},"end":{"line":41,"column":25}},"20":{"start":{"line":43,"column":0},"end":{"line":43,"column":20}}},"fnMap":{"0":{"name":"(anonymous_0)","decl":{"start":{"line":21,"column":10},"end":{"line":21,"column":11}},"loc":{"start":{"line":21,"column":18},"end":{"line":28,"column":3}},"line":21},"1":{"name":"(anonymous_1)","decl":{"start":{"line":29,"column":11},"end":{"line":29,"column":12}},"loc":{"start":{"line":29,"column":19},"end":{"line":32,"column":3}},"line":29},"2":{"name":"(anonymous_2)","decl":{"start":{"line":34,"column":24},"end":{"line":34,"column":25}},"loc":{"start":{"line":34,"column":37},"end":{"line":38,"column":1}},"line":34}},"branchMap":{"0":{"loc":{"start":{"line":8,"column":12},"end":{"line":8,"column":49}},"type":"binary-expr","locations":[{"start":{"line":8,"column":12},"end":{"line":8,"column":32}},{"start":{"line":8,"column":36},"end":{"line":8,"column":49}}],"line":8},"1":{"loc":{"start":{"line":13,"column":0},"end":{"line":17,"column":1}},"type":"if","locations":[{"start":{"line":13,"column":0},"end":{"line":17,"column":1}},{"start":{"line":15,"column":7},"end":{"line":17,"column":1}}],"line":13},"2":{"loc":{"start":{"line":23,"column":6},"end":{"line":26,"column":37}},"type":"binary-expr","locations":[{"start":{"line":23,"column":6},"end":{"line":23,"column":29}},{"start":{"line":24,"column":6},"end":{"line":24,"column":23}},{"start":{"line":25,"column":6},"end":{"line":25,"column":30}},{"start":{"line":26,"column":6},"end":{"line":26,"column":37}}],"line":23},"3":{"loc":{"start":{"line":35,"column":2},"end":{"line":37,"column":3}},"type":"if","locations":[{"start":{"line":35,"column":2},"end":{"line":37,"column":3}},{"start":{},"end":{}}],"line":35}},"s":{"0":6,"1":6,"2":6,"3":6,"4":6,"5":6,"6":6,"7":6,"8":6,"9":0,"10":6,"11":6,"12":24,"13":18,"14":18,"15":6,"16":18,"17":18,"18":6,"19":6,"20":6},"f":{"0":24,"1":18,"2":18},"b":{"0":[6,0],"1":[0,6],"2":[24,24,18,18],"3":[18,0]},"_coverageSchema":"1a1c01bbd47fc00a2c39e90264f33305004495a9","hash":"7d2710d0c68a880419b416a5f6c15aca3f0728c7"}
,"D:\\Hacktiv8\\Fase 2\\Challenge\\Individual Project\\IP-RMT46\\server\\models\\profileimage.js": {"path":"D:\\Hacktiv8\\Fase 2\\Challenge\\Individual Project\\IP-RMT46\\server\\models\\profileimage.js","statementMap":{"0":{"start":{"line":2,"column":18},"end":{"line":2,"column":38}},"1":{"start":{"line":3,"column":0},"end":{"line":26,"column":2}},"2":{"start":{"line":12,"column":6},"end":{"line":12,"column":72}},"3":{"start":{"line":15,"column":2},"end":{"line":24,"column":4}},"4":{"start":{"line":25,"column":2},"end":{"line":25,"column":22}}},"fnMap":{"0":{"name":"(anonymous_0)","decl":{"start":{"line":3,"column":17},"end":{"line":3,"column":18}},"loc":{"start":{"line":3,"column":43},"end":{"line":26,"column":1}},"line":3},"1":{"name":"(anonymous_1)","decl":{"start":{"line":10,"column":4},"end":{"line":10,"column":5}},"loc":{"start":{"line":10,"column":29},"end":{"line":13,"column":5}},"line":10}},"branchMap":{},"s":{"0":6,"1":6,"2":6,"3":6,"4":6},"f":{"0":6,"1":6},"b":{},"_coverageSchema":"1a1c01bbd47fc00a2c39e90264f33305004495a9","hash":"6e3aa85842d53a8be83d5eb446767f0910284fa8"}
,"D:\\Hacktiv8\\Fase 2\\Challenge\\Individual Project\\IP-RMT46\\server\\models\\user.js": {"path":"D:\\Hacktiv8\\Fase 2\\Challenge\\Individual Project\\IP-RMT46\\server\\models\\user.js","statementMap":{"0":{"start":{"line":2,"column":18},"end":{"line":2,"column":38}},"1":{"start":{"line":3,"column":25},"end":{"line":3,"column":53}},"2":{"start":{"line":4,"column":0},"end":{"line":62,"column":2}},"3":{"start":{"line":13,"column":6},"end":{"line":13,"column":67}},"4":{"start":{"line":16,"column":2},"end":{"line":55,"column":4}},"5":{"start":{"line":56,"column":2},"end":{"line":60,"column":5}},"6":{"start":{"line":57,"column":4},"end":{"line":57,"column":48}},"7":{"start":{"line":58,"column":4},"end":{"line":58,"column":23}},"8":{"start":{"line":59,"column":4},"end":{"line":59,"column":21}},"9":{"start":{"line":61,"column":2},"end":{"line":61,"column":14}}},"fnMap":{"0":{"name":"(anonymous_0)","decl":{"start":{"line":4,"column":17},"end":{"line":4,"column":18}},"loc":{"start":{"line":4,"column":43},"end":{"line":62,"column":1}},"line":4},"1":{"name":"(anonymous_1)","decl":{"start":{"line":11,"column":4},"end":{"line":11,"column":5}},"loc":{"start":{"line":11,"column":29},"end":{"line":14,"column":5}},"line":11},"2":{"name":"(anonymous_2)","decl":{"start":{"line":56,"column":20},"end":{"line":56,"column":21}},"loc":{"start":{"line":56,"column":45},"end":{"line":60,"column":3}},"line":56}},"branchMap":{},"s":{"0":6,"1":6,"2":6,"3":6,"4":6,"5":6,"6":2,"7":2,"8":2,"9":6},"f":{"0":6,"1":6,"2":2},"b":{},"_coverageSchema":"1a1c01bbd47fc00a2c39e90264f33305004495a9","hash":"a9a77f3ecce28fec18bb892bb026574e2da201a6"}
,"D:\\Hacktiv8\\Fase 2\\Challenge\\Individual Project\\IP-RMT46\\server\\routers\\index.js": {"path":"D:\\Hacktiv8\\Fase 2\\Challenge\\Individual Project\\IP-RMT46\\server\\routers\\index.js","statementMap":{"0":{"start":{"line":1,"column":16},"end":{"line":1,"column":34}},"1":{"start":{"line":2,"column":19},"end":{"line":2,"column":55}},"2":{"start":{"line":3,"column":23},"end":{"line":3,"column":63}},"3":{"start":{"line":4,"column":15},"end":{"line":4,"column":31}},"4":{"start":{"line":6,"column":0},"end":{"line":8,"column":3}},"5":{"start":{"line":7,"column":2},"end":{"line":7,"column":51}},"6":{"start":{"line":9,"column":0},"end":{"line":9,"column":40}},"7":{"start":{"line":10,"column":0},"end":{"line":10,"column":53}},"8":{"start":{"line":11,"column":0},"end":{"line":11,"column":46}},"9":{"start":{"line":12,"column":0},"end":{"line":12,"column":60}},"10":{"start":{"line":13,"column":0},"end":{"line":13,"column":56}},"11":{"start":{"line":14,"column":0},"end":{"line":14,"column":59}},"12":{"start":{"line":15,"column":0},"end":{"line":15,"column":55}},"13":{"start":{"line":16,"column":0},"end":{"line":16,"column":50}},"14":{"start":{"line":17,"column":0},"end":{"line":17,"column":46}},"15":{"start":{"line":18,"column":0},"end":{"line":18,"column":55}},"16":{"start":{"line":19,"column":0},"end":{"line":19,"column":27}},"17":{"start":{"line":20,"column":0},"end":{"line":20,"column":71}},"18":{"start":{"line":21,"column":0},"end":{"line":21,"column":51}},"19":{"start":{"line":22,"column":0},"end":{"line":22,"column":50}},"20":{"start":{"line":23,"column":0},"end":{"line":23,"column":63}},"21":{"start":{"line":24,"column":0},"end":{"line":24,"column":69}},"22":{"start":{"line":25,"column":0},"end":{"line":25,"column":48}},"23":{"start":{"line":27,"column":15},"end":{"line":27,"column":32}},"24":{"start":{"line":28,"column":15},"end":{"line":28,"column":58}},"25":{"start":{"line":29,"column":0},"end":{"line":29,"column":77}},"26":{"start":{"line":31,"column":0},"end":{"line":31,"column":59}},"27":{"start":{"line":32,"column":0},"end":{"line":32,"column":58}},"28":{"start":{"line":34,"column":0},"end":{"line":34,"column":24}}},"fnMap":{"0":{"name":"(anonymous_0)","decl":{"start":{"line":6,"column":16},"end":{"line":6,"column":17}},"loc":{"start":{"line":6,"column":30},"end":{"line":8,"column":1}},"line":6}},"branchMap":{},"s":{"0":3,"1":3,"2":3,"3":3,"4":3,"5":1,"6":3,"7":3,"8":3,"9":3,"10":3,"11":3,"12":3,"13":3,"14":3,"15":3,"16":3,"17":3,"18":3,"19":3,"20":3,"21":3,"22":3,"23":3,"24":3,"25":3,"26":3,"27":3,"28":3},"f":{"0":1},"b":{},"_coverageSchema":"1a1c01bbd47fc00a2c39e90264f33305004495a9","hash":"975bb874b7721393110ce0c461d46334a2797f1e"}
}
