TN:
SF:app.js
FNF:0
FNH:0
DA:1,3
DA:2,3
DA:5,3
DA:6,3
DA:7,3
DA:8,3
DA:9,3
DA:12,3
DA:13,3
DA:14,3
DA:15,3
DA:16,3
DA:22,3
LF:13
LH:13
BRDA:1,0,0,3
BRDA:1,0,1,0
BRF:2
BRH:1
end_of_record
TN:
SF:controllers\controller.js
FN:18,(anonymous_0)
FN:47,(anonymous_1)
FN:76,(anonymous_2)
FN:100,(anonymous_3)
FN:122,(anonymous_4)
FN:144,(anonymous_5)
FN:151,(anonymous_6)
FN:184,(anonymous_7)
FN:191,(anonymous_8)
FN:228,(anonymous_9)
FN:266,(anonymous_10)
FN:283,(anonymous_11)
FN:293,(anonymous_12)
FN:297,(anonymous_13)
FN:306,(anonymous_14)
FN:318,(anonymous_15)
FN:329,(anonymous_16)
FN:341,(anonymous_17)
FN:353,(anonymous_18)
FN:363,(anonymous_19)
FN:374,(anonymous_20)
FN:387,(anonymous_21)
FN:411,(anonymous_22)
FN:442,(anonymous_23)
FNF:24
FNH:5
FNDA:4,(anonymous_0)
FNDA:0,(anonymous_1)
FNDA:4,(anonymous_2)
FNDA:2,(anonymous_3)
FNDA:2,(anonymous_4)
FNDA:0,(anonymous_5)
FNDA:0,(anonymous_6)
FNDA:0,(anonymous_7)
FNDA:0,(anonymous_8)
FNDA:2,(anonymous_9)
FNDA:0,(anonymous_10)
FNDA:0,(anonymous_11)
FNDA:0,(anonymous_12)
FNDA:0,(anonymous_13)
FNDA:0,(anonymous_14)
FNDA:0,(anonymous_15)
FNDA:0,(anonymous_16)
FNDA:0,(anonymous_17)
FNDA:0,(anonymous_18)
FNDA:0,(anonymous_19)
FNDA:0,(anonymous_20)
FNDA:0,(anonymous_21)
FNDA:0,(anonymous_22)
FNDA:0,(anonymous_23)
DA:1,6
DA:2,6
DA:3,6
DA:4,6
DA:6,6
DA:7,6
DA:9,6
DA:11,6
DA:19,4
DA:20,4
DA:21,4
DA:22,1
DA:24,3
DA:25,1
DA:27,2
DA:30,2
DA:31,1
DA:34,1
DA:35,1
DA:36,0
DA:39,1
DA:40,1
DA:42,3
DA:43,3
DA:50,0
DA:51,0
DA:52,0
DA:58,0
DA:60,0
DA:65,0
DA:67,0
DA:69,0
DA:71,0
DA:72,0
DA:77,4
DA:78,4
DA:79,4
DA:80,1
DA:82,3
DA:83,1
DA:85,2
DA:86,2
DA:87,1
DA:89,1
DA:90,1
DA:95,3
DA:96,3
DA:101,2
DA:102,2
DA:103,2
DA:104,2
DA:106,2
DA:111,1
DA:112,1
DA:114,0
DA:117,1
DA:118,1
DA:123,2
DA:124,2
DA:125,2
DA:126,2
DA:128,2
DA:133,1
DA:134,1
DA:136,0
DA:139,1
DA:140,1
DA:145,0
DA:147,0
DA:148,0
DA:150,0
DA:151,0
DA:152,0
DA:153,0
DA:157,0
DA:159,0
DA:160,0
DA:162,0
DA:163,0
DA:166,0
DA:167,0
DA:168,0
DA:169,0
DA:171,0
DA:177,0
DA:179,0
DA:180,0
DA:185,0
DA:187,0
DA:188,0
DA:190,0
DA:191,0
DA:192,0
DA:193,0
DA:197,0
DA:199,0
DA:200,0
DA:202,0
DA:203,0
DA:206,0
DA:207,0
DA:208,0
DA:209,0
DA:211,0
DA:217,0
DA:218,0
DA:220,0
DA:223,0
DA:224,0
DA:229,2
DA:230,2
DA:231,2
DA:232,2
DA:233,2
DA:234,2
DA:236,0
DA:239,2
DA:241,2
DA:245,2
DA:247,2
DA:254,2
DA:255,1
DA:256,1
DA:258,0
DA:261,1
DA:262,1
DA:267,0
DA:269,0
DA:270,0
DA:271,0
DA:272,0
DA:274,0
DA:276,0
DA:278,0
DA:279,0
DA:284,0
DA:285,0
DA:286,0
DA:288,0
DA:289,0
DA:294,0
DA:295,0
DA:297,0
DA:299,0
DA:301,0
DA:302,0
DA:307,0
DA:308,0
DA:309,0
DA:310,0
DA:311,0
DA:313,0
DA:314,0
DA:319,0
DA:320,0
DA:321,0
DA:323,0
DA:329,0
DA:330,0
DA:331,0
DA:332,0
DA:333,0
DA:339,0
DA:341,0
DA:342,0
DA:345,0
DA:346,0
DA:348,0
DA:349,0
DA:354,0
DA:355,0
DA:356,0
DA:358,0
DA:359,0
DA:364,0
DA:365,0
DA:366,0
DA:367,0
DA:369,0
DA:370,0
DA:375,0
DA:377,0
DA:378,0
DA:379,0
DA:380,0
DA:382,0
DA:383,0
DA:388,0
DA:389,0
DA:390,0
DA:391,0
DA:393,0
DA:394,0
DA:397,0
DA:398,0
DA:399,0
DA:402,0
DA:404,0
DA:406,0
DA:407,0
DA:412,0
DA:413,0
DA:415,0
DA:417,0
DA:418,0
DA:421,0
DA:422,0
DA:425,0
DA:433,0
DA:435,0
DA:437,0
DA:438,0
DA:443,0
DA:444,0
DA:445,0
DA:446,0
DA:447,0
DA:448,0
DA:450,0
DA:455,6
LF:220
LH:70
BRDA:21,0,0,1
BRDA:21,0,1,3
BRDA:24,1,0,1
BRDA:24,1,1,2
BRDA:30,2,0,1
BRDA:30,2,1,1
BRDA:35,3,0,0
BRDA:35,3,1,1
BRDA:79,4,0,1
BRDA:79,4,1,3
BRDA:82,5,0,1
BRDA:82,5,1,2
BRDA:86,6,0,1
BRDA:86,6,1,1
BRDA:104,7,0,2
BRDA:104,7,1,0
BRDA:111,8,0,1
BRDA:111,8,1,0
BRDA:126,9,0,2
BRDA:126,9,1,0
BRDA:133,10,0,1
BRDA:133,10,1,0
BRDA:150,11,0,0
BRDA:150,11,1,0
BRDA:152,12,0,0
BRDA:152,12,1,0
BRDA:162,13,0,0
BRDA:162,13,1,0
BRDA:167,14,0,0
BRDA:167,14,1,0
BRDA:168,15,0,0
BRDA:168,15,1,0
BRDA:169,16,0,0
BRDA:169,16,1,0
BRDA:190,17,0,0
BRDA:190,17,1,0
BRDA:192,18,0,0
BRDA:192,18,1,0
BRDA:202,19,0,0
BRDA:202,19,1,0
BRDA:207,20,0,0
BRDA:207,20,1,0
BRDA:208,21,0,0
BRDA:208,21,1,0
BRDA:209,22,0,0
BRDA:209,22,1,0
BRDA:217,23,0,0
BRDA:217,23,1,0
BRDA:233,24,0,2
BRDA:233,24,1,0
BRDA:255,25,0,1
BRDA:255,25,1,0
BRDA:271,26,0,0
BRDA:271,26,1,0
BRDA:393,27,0,0
BRDA:393,27,1,0
BRDA:398,28,0,0
BRDA:398,28,1,0
BRDA:417,29,0,0
BRDA:417,29,1,0
BRDA:421,30,0,0
BRDA:421,30,1,0
BRDA:421,31,0,0
BRDA:421,31,1,0
BRF:64
BRH:19
end_of_record
TN:
SF:helpers\bcrypt.js
FN:3,(anonymous_0)
FN:4,(anonymous_1)
FNF:2
FNH:2
FNDA:6,(anonymous_0)
FNDA:1,(anonymous_1)
DA:1,6
DA:2,6
DA:3,6
DA:4,1
LF:4
LH:4
BRF:0
BRH:0
end_of_record
TN:
SF:helpers\jwt.js
FN:4,signToken
FN:7,veirifyToken
FNF:2
FNH:1
FNDA:1,signToken
FNDA:0,veirifyToken
DA:1,6
DA:2,6
DA:5,1
DA:8,0
DA:11,6
LF:5
LH:4
BRF:0
BRH:0
end_of_record
TN:
SF:helpers\randomNumber.js
FN:1,getRandomInt
FNF:1
FNH:0
FNDA:0,getRandomInt
DA:2,0
DA:3,0
DA:4,0
DA:6,6
LF:4
LH:1
BRF:0
BRH:0
end_of_record
TN:
SF:middlewares\authentication.js
FN:4,authentication
FNF:1
FNH:0
FNDA:0,authentication
DA:1,3
DA:2,3
DA:5,0
DA:6,0
DA:7,0
DA:10,0
DA:13,0
DA:14,0
DA:17,0
DA:18,0
DA:20,0
DA:21,0
DA:23,0
DA:26,0
DA:27,0
DA:29,0
DA:30,0
DA:34,3
LF:18
LH:3
BRDA:6,0,0,0
BRDA:6,0,1,0
BRDA:13,1,0,0
BRDA:13,1,1,0
BRF:4
BRH:0
end_of_record
TN:
SF:middlewares\errorHandlers.js
FN:1,errorHandling
FNF:1
FNH:1
FNDA:6,errorHandling
DA:2,6
DA:3,6
DA:4,6
DA:5,6
DA:6,6
DA:9,0
DA:10,0
DA:11,0
DA:13,5
DA:14,5
DA:15,5
DA:17,0
DA:18,0
DA:19,0
DA:21,0
DA:22,0
DA:23,0
DA:26,1
DA:27,1
DA:28,1
DA:30,0
DA:31,0
DA:32,0
DA:34,0
DA:35,0
DA:36,0
DA:39,0
DA:41,6
DA:43,3
LF:29
LH:13
BRDA:6,0,0,0
BRDA:6,0,1,0
BRDA:6,0,2,5
BRDA:6,0,3,0
BRDA:6,0,4,0
BRDA:6,0,5,1
BRDA:6,0,6,1
BRDA:6,0,7,0
BRDA:6,0,8,0
BRDA:6,0,9,0
BRDA:10,1,0,0
BRDA:10,1,1,0
BRDA:14,2,0,5
BRDA:14,2,1,0
BRDA:18,3,0,0
BRDA:18,3,1,0
BRDA:27,4,0,1
BRDA:27,4,1,0
BRDA:31,5,0,0
BRDA:31,5,1,0
BRDA:35,6,0,0
BRDA:35,6,1,0
BRF:22
BRH:5
end_of_record
TN:
SF:models\gameaccount.js
FN:4,(anonymous_0)
FN:11,(anonymous_1)
FN:29,(anonymous_2)
FNF:3
FNH:2
FNDA:6,(anonymous_0)
FNDA:6,(anonymous_1)
FNDA:0,(anonymous_2)
DA:2,6
DA:3,6
DA:4,6
DA:13,6
DA:14,6
DA:17,6
DA:29,6
DA:30,0
DA:32,6
LF:9
LH:8
BRF:0
BRH:0
end_of_record
TN:
SF:models\index.js
FN:21,(anonymous_0)
FN:29,(anonymous_1)
FN:34,(anonymous_2)
FNF:3
FNH:3
FNDA:24,(anonymous_0)
FNDA:18,(anonymous_1)
FNDA:18,(anonymous_2)
DA:3,6
DA:4,6
DA:5,6
DA:6,6
DA:7,6
DA:8,6
DA:9,6
DA:10,6
DA:13,6
DA:14,0
DA:16,6
DA:19,6
DA:22,24
DA:30,18
DA:31,18
DA:34,6
DA:35,18
DA:36,18
DA:40,6
DA:41,6
DA:43,6
LF:21
LH:20
BRDA:8,0,0,6
BRDA:8,0,1,0
BRDA:13,1,0,0
BRDA:13,1,1,6
BRDA:23,2,0,24
BRDA:23,2,1,24
BRDA:23,2,2,18
BRDA:23,2,3,18
BRDA:35,3,0,18
BRDA:35,3,1,0
BRF:10
BRH:7
end_of_record
TN:
SF:models\profileimage.js
FN:3,(anonymous_0)
FN:10,(anonymous_1)
FNF:2
FNH:2
FNDA:6,(anonymous_0)
FNDA:6,(anonymous_1)
DA:2,6
DA:3,6
DA:12,6
DA:15,6
DA:25,6
LF:5
LH:5
BRF:0
BRH:0
end_of_record
TN:
SF:models\user.js
FN:4,(anonymous_0)
FN:11,(anonymous_1)
FN:56,(anonymous_2)
FNF:3
FNH:3
FNDA:6,(anonymous_0)
FNDA:6,(anonymous_1)
FNDA:2,(anonymous_2)
DA:2,6
DA:3,6
DA:4,6
DA:13,6
DA:16,6
DA:56,6
DA:57,2
DA:58,2
DA:59,2
DA:61,6
LF:10
LH:10
BRF:0
BRH:0
end_of_record
TN:
SF:routers\index.js
FN:6,(anonymous_0)
FNF:1
FNH:1
FNDA:1,(anonymous_0)
DA:1,3
DA:2,3
DA:3,3
DA:4,3
DA:6,3
DA:7,1
DA:9,3
DA:10,3
DA:11,3
DA:12,3
DA:13,3
DA:14,3
DA:15,3
DA:16,3
DA:17,3
DA:18,3
DA:19,3
DA:20,3
DA:21,3
DA:22,3
DA:23,3
DA:24,3
DA:25,3
DA:27,3
DA:28,3
DA:29,3
DA:31,3
DA:32,3
DA:34,3
LF:29
LH:29
BRF:0
BRH:0
end_of_record
